<?xml version="1.0" encoding="UTF-8"?>
<!-- Generated by org.testng.reporters.JUnitReportReporter -->
<testsuite skipped="0" hostname="MSDT066" name="TestCases.LoginPageTest" tests="1" failures="0" timestamp="2022-02-22T14:14:15 IST" time="0.012" errors="0">
  <testcase name="loginpageTitletest" time="0.012" classname="TestCases.LoginPageTest"/>
  <system-out/>
</testsuite> <!-- TestCases.LoginPageTest -->
